Determining if the pthread_create exist failed with the following output:
Change Dir: /mnt/c/dev/OTUS/cpp_home_work/hw_04/local/allocator/build/CMakeFiles/CMakeTmp

Run Build Command:"/usr/bin/make" "cmTC_ef39b/fast"
/usr/bin/make -f CMakeFiles/cmTC_ef39b.dir/build.make CMakeFiles/cmTC_ef39b.dir/build
make[1]: Entering directory '/mnt/c/dev/OTUS/cpp_home_work/hw_04/local/allocator/build/CMakeFiles/CMakeTmp'
Building C object CMakeFiles/cmTC_ef39b.dir/CheckSymbolExists.c.o
/usr/bin/clang-6.0    -o CMakeFiles/cmTC_ef39b.dir/CheckSymbolExists.c.o   -c /mnt/c/dev/OTUS/cpp_home_work/hw_04/local/allocator/build/CMakeFiles/CMakeTmp/CheckSymbolExists.c
Linking C executable cmTC_ef39b
/usr/bin/cmake -E cmake_link_script CMakeFiles/cmTC_ef39b.dir/link.txt --verbose=1
/usr/bin/clang-6.0      CMakeFiles/cmTC_ef39b.dir/CheckSymbolExists.c.o  -o cmTC_ef39b 
CMakeFiles/cmTC_ef39b.dir/CheckSymbolExists.c.o: In function `main':
CheckSymbolExists.c:(.text+0x19): undefined reference to `pthread_create'
clang: error: linker command failed with exit code 1 (use -v to see invocation)
CMakeFiles/cmTC_ef39b.dir/build.make:97: recipe for target 'cmTC_ef39b' failed
make[1]: *** [cmTC_ef39b] Error 1
make[1]: Leaving directory '/mnt/c/dev/OTUS/cpp_home_work/hw_04/local/allocator/build/CMakeFiles/CMakeTmp'
Makefile:126: recipe for target 'cmTC_ef39b/fast' failed
make: *** [cmTC_ef39b/fast] Error 2

File /mnt/c/dev/OTUS/cpp_home_work/hw_04/local/allocator/build/CMakeFiles/CMakeTmp/CheckSymbolExists.c:
/* */
#include <pthread.h>

int main(int argc, char** argv)
{
  (void)argv;
#ifndef pthread_create
  return ((int*)(&pthread_create))[argc];
#else
  (void)argc;
  return 0;
#endif
}

Determining if the function pthread_create exists in the pthreads failed with the following output:
Change Dir: /mnt/c/dev/OTUS/cpp_home_work/hw_04/local/allocator/build/CMakeFiles/CMakeTmp

Run Build Command:"/usr/bin/make" "cmTC_e2046/fast"
/usr/bin/make -f CMakeFiles/cmTC_e2046.dir/build.make CMakeFiles/cmTC_e2046.dir/build
make[1]: Entering directory '/mnt/c/dev/OTUS/cpp_home_work/hw_04/local/allocator/build/CMakeFiles/CMakeTmp'
Building C object CMakeFiles/cmTC_e2046.dir/CheckFunctionExists.c.o
/usr/bin/clang-6.0   -DCHECK_FUNCTION_EXISTS=pthread_create   -o CMakeFiles/cmTC_e2046.dir/CheckFunctionExists.c.o   -c /usr/share/cmake-3.10/Modules/CheckFunctionExists.c
Linking C executable cmTC_e2046
/usr/bin/cmake -E cmake_link_script CMakeFiles/cmTC_e2046.dir/link.txt --verbose=1
/usr/bin/clang-6.0  -DCHECK_FUNCTION_EXISTS=pthread_create    CMakeFiles/cmTC_e2046.dir/CheckFunctionExists.c.o  -o cmTC_e2046 -lpthreads 
/usr/bin/ld: cannot find -lpthreads
clang: error: linker command failed with exit code 1 (use -v to see invocation)
CMakeFiles/cmTC_e2046.dir/build.make:97: recipe for target 'cmTC_e2046' failed
make[1]: *** [cmTC_e2046] Error 1
make[1]: Leaving directory '/mnt/c/dev/OTUS/cpp_home_work/hw_04/local/allocator/build/CMakeFiles/CMakeTmp'
Makefile:126: recipe for target 'cmTC_e2046/fast' failed
make: *** [cmTC_e2046/fast] Error 2


